11:57:52.177 [main] INFO  org.xnio - XNIO version 3.4.0.Beta1
11:57:52.236 [main] INFO  org.xnio.nio - XNIO NIO Implementation Version 3.4.0.Beta1
11:57:52.395 [main] WARN  io.undertow.websockets.jsr - UT026010: Buffer pool was not set on WebSocketDeploymentInfo, the default pool will be used
11:57:52.560 [main] INFO  org.projectodd.wunderboss.web.Web - Registered web context /
11:57:52.667 [main] WARN  io.undertow.websockets.jsr - UT026010: Buffer pool was not set on WebSocketDeploymentInfo, the default pool will be used
11:57:52.673 [main] INFO  org.projectodd.wunderboss.web.Web - Registered web context /
11:57:52.726 [main] WARN  io.undertow.websockets.jsr - UT026010: Buffer pool was not set on WebSocketDeploymentInfo, the default pool will be used
11:57:52.742 [main] INFO  org.projectodd.wunderboss.web.Web - Registered web context /
11:57:52.937 [main] WARN  io.undertow.websockets.jsr - UT026010: Buffer pool was not set on WebSocketDeploymentInfo, the default pool will be used
11:57:52.941 [main] INFO  org.projectodd.wunderboss.web.Web - Registered web context /
11:58:26.691 [XNIO-5 task-1] INFO  io.pedestal.http - {:msg "GET /users/commons", :line 78}
11:58:26.705 [XNIO-5 task-1] INFO  io.pedestal.http.cors - {:msg "cors request processing", :origin "", :allowed true, :line 79}
11:58:27.111 [XNIO-7 task-1] INFO  io.pedestal.http - {:msg "GET /commons/", :line 78}
11:58:27.112 [XNIO-7 task-1] INFO  io.pedestal.http.cors - {:msg "cors request processing", :origin "", :allowed true, :line 79}
11:58:27.175 [XNIO-7 task-1] INFO  io.pedestal.http.cors - {:msg "cors response processing", :cors-headers {"Access-Control-Allow-Origin" "", "Access-Control-Allow-Credentials" "true", "Access-Control-Expose-Headers" "Strict-Transport-Security, X-Frame-Options, X-Content-Type-Options, X-Xss-Protection, Content-Type"}, :line 106}
11:58:27.309 [XNIO-5 task-1] INFO  io.pedestal.http.cors - {:msg "cors response processing", :cors-headers {"Access-Control-Allow-Origin" "", "Access-Control-Allow-Credentials" "true", "Access-Control-Expose-Headers" "Strict-Transport-Security, X-Frame-Options, X-Content-Type-Options, X-Xss-Protection, Content-Type"}, :line 106}
11:58:33.311 [XNIO-5 task-2] INFO  io.pedestal.http - {:msg "GET /users/commons", :line 78}
11:58:33.312 [XNIO-5 task-2] INFO  io.pedestal.http.cors - {:msg "cors request processing", :origin "", :allowed true, :line 79}
11:58:33.498 [XNIO-7 task-2] INFO  io.pedestal.http - {:msg "GET /commons/", :line 78}
11:58:33.499 [XNIO-7 task-2] INFO  io.pedestal.http.cors - {:msg "cors request processing", :origin "", :allowed true, :line 79}
11:58:33.555 [XNIO-7 task-2] INFO  io.pedestal.http.cors - {:msg "cors response processing", :cors-headers {"Access-Control-Allow-Origin" "", "Access-Control-Allow-Credentials" "true", "Access-Control-Expose-Headers" "Strict-Transport-Security, X-Frame-Options, X-Content-Type-Options, X-Xss-Protection, Content-Type"}, :line 106}
11:58:33.571 [XNIO-5 task-2] INFO  io.pedestal.http.cors - {:msg "cors response processing", :cors-headers {"Access-Control-Allow-Origin" "", "Access-Control-Allow-Credentials" "true", "Access-Control-Expose-Headers" "Strict-Transport-Security, X-Frame-Options, X-Content-Type-Options, X-Xss-Protection, Content-Type"}, :line 106}
11:58:50.670 [XNIO-5 task-3] INFO  io.pedestal.http - {:msg "GET /users/commons", :line 78}
11:58:50.673 [XNIO-5 task-3] INFO  io.pedestal.http.cors - {:msg "cors request processing", :origin "", :allowed true, :line 79}
11:58:50.845 [XNIO-7 task-3] INFO  io.pedestal.http - {:msg "GET /commons/", :line 78}
11:58:50.846 [XNIO-7 task-3] INFO  io.pedestal.http.cors - {:msg "cors request processing", :origin "", :allowed true, :line 79}
11:58:50.905 [XNIO-7 task-3] INFO  io.pedestal.http.cors - {:msg "cors response processing", :cors-headers {"Access-Control-Allow-Origin" "", "Access-Control-Allow-Credentials" "true", "Access-Control-Expose-Headers" "Strict-Transport-Security, X-Frame-Options, X-Content-Type-Options, X-Xss-Protection, Content-Type"}, :line 106}
11:58:50.913 [XNIO-5 task-3] INFO  io.pedestal.http.cors - {:msg "cors response processing", :cors-headers {"Access-Control-Allow-Origin" "", "Access-Control-Allow-Credentials" "true", "Access-Control-Expose-Headers" "Strict-Transport-Security, X-Frame-Options, X-Content-Type-Options, X-Xss-Protection, Content-Type"}, :line 106}
11:58:51.864 [XNIO-5 task-4] INFO  io.pedestal.http - {:msg "GET /users/commons", :line 78}
11:58:51.865 [XNIO-5 task-4] INFO  io.pedestal.http.cors - {:msg "cors request processing", :origin "", :allowed true, :line 79}
11:58:51.962 [XNIO-7 task-4] INFO  io.pedestal.http - {:msg "GET /commons/", :line 78}
11:58:51.963 [XNIO-7 task-4] INFO  io.pedestal.http.cors - {:msg "cors request processing", :origin "", :allowed true, :line 79}
11:58:52.043 [XNIO-7 task-4] INFO  io.pedestal.http.cors - {:msg "cors response processing", :cors-headers {"Access-Control-Allow-Origin" "", "Access-Control-Allow-Credentials" "true", "Access-Control-Expose-Headers" "Strict-Transport-Security, X-Frame-Options, X-Content-Type-Options, X-Xss-Protection, Content-Type"}, :line 106}
11:58:52.049 [XNIO-5 task-4] INFO  io.pedestal.http.cors - {:msg "cors response processing", :cors-headers {"Access-Control-Allow-Origin" "", "Access-Control-Allow-Credentials" "true", "Access-Control-Expose-Headers" "Strict-Transport-Security, X-Frame-Options, X-Content-Type-Options, X-Xss-Protection, Content-Type"}, :line 106}
11:58:53.256 [XNIO-5 task-5] INFO  io.pedestal.http - {:msg "GET /users/commons", :line 78}
11:58:53.257 [XNIO-5 task-5] INFO  io.pedestal.http.cors - {:msg "cors request processing", :origin "", :allowed true, :line 79}
11:58:53.388 [XNIO-7 task-5] INFO  io.pedestal.http - {:msg "GET /commons/", :line 78}
11:58:53.389 [XNIO-7 task-5] INFO  io.pedestal.http.cors - {:msg "cors request processing", :origin "", :allowed true, :line 79}
11:58:53.436 [XNIO-7 task-5] INFO  io.pedestal.http.cors - {:msg "cors response processing", :cors-headers {"Access-Control-Allow-Origin" "", "Access-Control-Allow-Credentials" "true", "Access-Control-Expose-Headers" "Strict-Transport-Security, X-Frame-Options, X-Content-Type-Options, X-Xss-Protection, Content-Type"}, :line 106}
11:58:53.443 [XNIO-5 task-5] INFO  io.pedestal.http.cors - {:msg "cors response processing", :cors-headers {"Access-Control-Allow-Origin" "", "Access-Control-Allow-Credentials" "true", "Access-Control-Expose-Headers" "Strict-Transport-Security, X-Frame-Options, X-Content-Type-Options, X-Xss-Protection, Content-Type"}, :line 106}
11:58:54.386 [XNIO-5 task-6] INFO  io.pedestal.http - {:msg "GET /users/commons", :line 78}
11:58:54.387 [XNIO-5 task-6] INFO  io.pedestal.http.cors - {:msg "cors request processing", :origin "", :allowed true, :line 79}
11:58:54.940 [XNIO-7 task-6] INFO  io.pedestal.http - {:msg "GET /commons/", :line 78}
11:58:54.940 [XNIO-7 task-6] INFO  io.pedestal.http.cors - {:msg "cors request processing", :origin "", :allowed true, :line 79}
11:58:54.983 [XNIO-7 task-6] INFO  io.pedestal.http.cors - {:msg "cors response processing", :cors-headers {"Access-Control-Allow-Origin" "", "Access-Control-Allow-Credentials" "true", "Access-Control-Expose-Headers" "Strict-Transport-Security, X-Frame-Options, X-Content-Type-Options, X-Xss-Protection, Content-Type"}, :line 106}
11:58:54.991 [XNIO-5 task-6] INFO  io.pedestal.http.cors - {:msg "cors response processing", :cors-headers {"Access-Control-Allow-Origin" "", "Access-Control-Allow-Credentials" "true", "Access-Control-Expose-Headers" "Strict-Transport-Security, X-Frame-Options, X-Content-Type-Options, X-Xss-Protection, Content-Type"}, :line 106}
11:58:56.329 [XNIO-5 task-7] INFO  io.pedestal.http - {:msg "GET /users/commons", :line 78}
11:58:56.330 [XNIO-5 task-7] INFO  io.pedestal.http.cors - {:msg "cors request processing", :origin "", :allowed true, :line 79}
11:58:56.433 [XNIO-7 task-7] INFO  io.pedestal.http - {:msg "GET /commons/", :line 78}
11:58:56.434 [XNIO-7 task-7] INFO  io.pedestal.http.cors - {:msg "cors request processing", :origin "", :allowed true, :line 79}
11:58:56.512 [XNIO-7 task-7] INFO  io.pedestal.http.cors - {:msg "cors response processing", :cors-headers {"Access-Control-Allow-Origin" "", "Access-Control-Allow-Credentials" "true", "Access-Control-Expose-Headers" "Strict-Transport-Security, X-Frame-Options, X-Content-Type-Options, X-Xss-Protection, Content-Type"}, :line 106}
11:58:56.519 [XNIO-5 task-7] INFO  io.pedestal.http.cors - {:msg "cors response processing", :cors-headers {"Access-Control-Allow-Origin" "", "Access-Control-Allow-Credentials" "true", "Access-Control-Expose-Headers" "Strict-Transport-Security, X-Frame-Options, X-Content-Type-Options, X-Xss-Protection, Content-Type"}, :line 106}
12:00:20.047 [XNIO-5 task-8] INFO  io.pedestal.http - {:msg "GET /users", :line 78}
12:00:20.048 [XNIO-5 task-8] INFO  io.pedestal.http.cors - {:msg "cors request processing", :origin "", :allowed true, :line 79}
12:00:20.149 [XNIO-5 task-8] INFO  io.pedestal.http.cors - {:msg "cors response processing", :cors-headers {"Access-Control-Allow-Origin" "", "Access-Control-Allow-Credentials" "true", "Access-Control-Expose-Headers" "Strict-Transport-Security, X-Frame-Options, X-Content-Type-Options, X-Xss-Protection, Content-Type"}, :line 106}
16:27:42.782 [main] INFO  org.xnio - XNIO version 3.4.0.Beta1
16:27:42.916 [main] INFO  org.xnio.nio - XNIO NIO Implementation Version 3.4.0.Beta1
16:27:43.116 [main] WARN  io.undertow.websockets.jsr - UT026010: Buffer pool was not set on WebSocketDeploymentInfo, the default pool will be used
16:27:43.302 [main] INFO  org.projectodd.wunderboss.web.Web - Registered web context /
16:27:43.453 [main] WARN  io.undertow.websockets.jsr - UT026010: Buffer pool was not set on WebSocketDeploymentInfo, the default pool will be used
16:27:43.457 [main] INFO  org.projectodd.wunderboss.web.Web - Registered web context /
16:27:43.520 [main] WARN  io.undertow.websockets.jsr - UT026010: Buffer pool was not set on WebSocketDeploymentInfo, the default pool will be used
16:27:43.524 [main] INFO  org.projectodd.wunderboss.web.Web - Registered web context /
16:27:43.662 [main] WARN  io.undertow.websockets.jsr - UT026010: Buffer pool was not set on WebSocketDeploymentInfo, the default pool will be used
16:27:43.666 [main] INFO  org.projectodd.wunderboss.web.Web - Registered web context /
16:29:51.183 [main] INFO  org.xnio - XNIO version 3.4.0.Beta1
16:29:51.218 [main] INFO  org.xnio.nio - XNIO NIO Implementation Version 3.4.0.Beta1
16:29:51.295 [main] WARN  io.undertow.websockets.jsr - UT026010: Buffer pool was not set on WebSocketDeploymentInfo, the default pool will be used
16:29:51.375 [main] INFO  org.projectodd.wunderboss.web.Web - Registered web context /
16:29:51.476 [main] WARN  io.undertow.websockets.jsr - UT026010: Buffer pool was not set on WebSocketDeploymentInfo, the default pool will be used
16:29:51.479 [main] INFO  org.projectodd.wunderboss.web.Web - Registered web context /
16:29:51.510 [main] WARN  io.undertow.websockets.jsr - UT026010: Buffer pool was not set on WebSocketDeploymentInfo, the default pool will be used
16:29:51.514 [main] INFO  org.projectodd.wunderboss.web.Web - Registered web context /
16:29:51.629 [main] WARN  io.undertow.websockets.jsr - UT026010: Buffer pool was not set on WebSocketDeploymentInfo, the default pool will be used
16:29:51.633 [main] INFO  org.projectodd.wunderboss.web.Web - Registered web context /
16:36:57.906 [main] INFO  org.xnio - XNIO version 3.4.0.Beta1
16:36:57.945 [main] INFO  org.xnio.nio - XNIO NIO Implementation Version 3.4.0.Beta1
16:36:58.061 [main] WARN  io.undertow.websockets.jsr - UT026010: Buffer pool was not set on WebSocketDeploymentInfo, the default pool will be used
16:36:58.167 [main] INFO  org.projectodd.wunderboss.web.Web - Registered web context /
18:37:41.936 [main] INFO  org.xnio - XNIO version 3.4.0.Beta1
18:37:41.976 [main] INFO  org.xnio.nio - XNIO NIO Implementation Version 3.4.0.Beta1
18:37:42.076 [main] WARN  io.undertow.websockets.jsr - UT026010: Buffer pool was not set on WebSocketDeploymentInfo, the default pool will be used
18:37:42.211 [main] INFO  org.projectodd.wunderboss.web.Web - Registered web context /
18:37:43.735 [main] INFO  o.a.k.c.producer.ProducerConfig - ProducerConfig values: 
	compression.type = none
	metric.reporters = []
	metadata.max.age.ms = 300000
	metadata.fetch.timeout.ms = 60000
	acks = 1
	batch.size = 16384
	reconnect.backoff.ms = 10
	bootstrap.servers = [127.0.0.1:9091]
	receive.buffer.bytes = 32768
	retry.backoff.ms = 100
	buffer.memory = 33554432
	timeout.ms = 30000
	key.serializer = class org.apache.kafka.common.serialization.ByteArraySerializer
	retries = 0
	max.request.size = 1048576
	block.on.buffer.full = true
	value.serializer = class org.apache.kafka.common.serialization.ByteArraySerializer
	metrics.sample.window.ms = 30000
	send.buffer.bytes = 131072
	max.in.flight.requests.per.connection = 5
	metrics.num.samples = 2
	linger.ms = 0
	client.id = 

18:37:43.874 [main] WARN  o.a.k.c.producer.ProducerConfig - The configuration value.serializer = class org.apache.kafka.common.serialization.ByteArraySerializer was supplied but isn't a known config.
18:37:43.875 [main] WARN  o.a.k.c.producer.ProducerConfig - The configuration key.serializer = class org.apache.kafka.common.serialization.ByteArraySerializer was supplied but isn't a known config.
18:37:44.245 [main] INFO  kafka.utils.VerifiableProperties - Verifying properties
18:37:44.352 [main] INFO  kafka.utils.VerifiableProperties - Property auto.commit.enable is overridden to false
18:37:44.353 [main] INFO  kafka.utils.VerifiableProperties - Property auto.offset.reset is overridden to smallest
18:37:44.353 [main] INFO  kafka.utils.VerifiableProperties - Property group.id is overridden to common
18:37:44.353 [main] INFO  kafka.utils.VerifiableProperties - Property zookeeper.connect is overridden to localhost:2182
18:37:44.472 [main] INFO  k.c.ZookeeperConsumerConnector - [common_Konstantins-MacBook-Pro.local-1468424264469-e99db086], Connecting to zookeeper instance at localhost:2182
18:37:44.498 [ZkClient-EventThread-19-localhost:2182] INFO  org.I0Itec.zkclient.ZkEventThread - Starting ZkClient event thread.
18:37:44.507 [main] INFO  org.apache.zookeeper.ZooKeeper - Client environment:zookeeper.version=3.4.6-1569965, built on 02/20/2014 09:09 GMT
18:37:44.508 [main] INFO  org.apache.zookeeper.ZooKeeper - Client environment:host.name=192.168.1.119
18:37:44.508 [main] INFO  org.apache.zookeeper.ZooKeeper - Client environment:java.version=1.8.0_65
18:37:44.508 [main] INFO  org.apache.zookeeper.ZooKeeper - Client environment:java.vendor=Oracle Corporation
18:37:44.508 [main] INFO  org.apache.zookeeper.ZooKeeper - Client environment:java.home=/Library/Java/JavaVirtualMachines/jdk1.8.0_65.jdk/Contents/Home/jre
18:37:44.509 [main] INFO  org.apache.zookeeper.ZooKeeper - Client environment:java.class.path=/Users/constantine/clojure/services/test:/Users/constantine/clojure/services/src:/Users/constantine/clojure/services/dev-resources:/Users/constantine/clojure/services/config:/Users/constantine/clojure/services/resources:/Users/constantine/clojure/services/checkouts/users/src:/Users/constantine/clojure/services/checkouts/common/src:/Users/constantine/clojure/services/target/base+system+user+dev/classes:/Users/constantine/clojure/services/checkouts/common/src:/Users/constantine/clojure/services/checkouts/common/test:/Users/constantine/clojure/services/checkouts/common/dev-resources:/Users/constantine/clojure/services/checkouts/common/config:/Users/constantine/clojure/services/checkouts/common/resources:/Users/constantine/clojure/services/checkouts/common/target/base+system+user+dev/classes:/Users/constantine/clojure/services/checkouts/users/src:/Users/constantine/clojure/services/checkouts/users/test:/Users/constantine/clojure/services/checkouts/users/dev-resources:/Users/constantine/clojure/services/checkouts/users/config:/Users/constantine/clojure/services/checkouts/users/resources:/Users/constantine/clojure/services/checkouts/users/target/base+system+user+dev/classes:/Users/constantine/.m2/repository/org/apache/kafka/kafka-clients/0.8.2.1/kafka-clients-0.8.2.1.jar:/Users/constantine/.m2/repository/org/clojure/tools.logging/0.3.1/tools.logging-0.3.1.jar:/Users/constantine/.m2/repository/metosin/ring-swagger-ui/2.1.4-0/ring-swagger-ui-2.1.4-0.jar:/Users/constantine/.m2/repository/clojure-complete/clojure-complete/0.2.3/clojure-complete-0.2.3.jar:/Users/constantine/.m2/repository/org/clojure/math.combinatorics/0.1.1/math.combinatorics-0.1.1.jar:/Users/constantine/.m2/repository/org/tobereplaced/lettercase/1.0.0/lettercase-1.0.0.jar:/Users/constantine/.m2/repository/org/clojure/java.classpath/0.2.2/java.classpath-0.2.2.jar:/Users/constantine/.m2/repository/org/iq80/snappy/snappy/0.4/snappy-0.4.jar:/Users/constantine/.m2/repository/common/common/0.0.1-SNAPSHOT/common-0.0.1-SNAPSHOT.jar:/Users/constantine/.m2/repository/org/clojure/clojure/1.8.0/clojure-1.8.0.jar:/Users/constantine/.m2/repository/buddy/buddy-core/0.13.0/buddy-core-0.13.0.jar:/Users/constantine/.m2/repository/org/clojure/data.json/0.2.2/data.json-0.2.2.jar:/Users/constantine/.m2/repository/com/google/guava/guava/16.0.1/guava-16.0.1.jar:/Users/constantine/.m2/repository/instaparse/instaparse/1.4.0/instaparse-1.4.0.jar:/Users/constantine/.m2/repository/org/tcrawley/dynapath/0.2.3/dynapath-0.2.3.jar:/Users/constantine/.m2/repository/ordered/ordered/1.2.0/ordered-1.2.0.jar:/Users/constantine/.m2/repository/cider/cider-nrepl/0.9.1/cider-nrepl-0.9.1.jar:/Users/constantine/.m2/repository/tigris/tigris/0.1.1/tigris-0.1.1.jar:/Users/constantine/.m2/repository/colorize/colorize/0.1.1/colorize-0.1.1.jar:/Users/constantine/.m2/repository/medley/medley/0.7.3/medley-0.7.3.jar:/Users/constantine/.m2/repository/io/aviso/toolchest/0.1.2/toolchest-0.1.2.jar:/Users/constantine/.m2/repository/org/yaml/snakeyaml/1.5/snakeyaml-1.5.jar:/Users/constantine/.m2/repository/frankiesardo/route-swagger/0.1.0/route-swagger-0.1.0.jar:/Users/constantine/.m2/repository/org/clojure/tools.macro/0.1.5/tools.macro-0.1.5.jar:/Users/constantine/.m2/repository/com/taoensso/carmine/2.13.1/carmine-2.13.1.jar:/Users/constantine/.m2/repository/com/101tec/zkclient/0.3/zkclient-0.3.jar:/Users/constantine/.m2/repository/com/github/fge/json-schema-core/1.2.5/json-schema-core-1.2.5.jar:/Users/constantine/.m2/repository/org/jboss/xnio/xnio-nio/3.4.0.Beta1/xnio-nio-3.4.0.Beta1.jar:/Users/constantine/.m2/repository/io/aviso/config/0.1.13/config-0.1.13.jar:/Users/constantine/.m2/repository/org/projectodd/wunderboss/wunderboss-web-undertow/0.12.1/wunderboss-web-undertow-0.12.1.jar:/Users/constantine/.m2/repository/org/apache/zookeeper/zookeeper/3.4.6/zookeeper-3.4.6.jar:/Users/constantine/.m2/repository/org/projectodd/wunderboss/wunderboss-web/0.12.1/wunderboss-web-0.12.1.jar:/Users/constantine/.m2/repository/org/slf4j/slf4j-api/1.7.21/slf4j-api-1.7.21.jar:/Users/constantine/.m2/repository/org/clojure/core.memoize/0.5.8/core.memoize-0.5.8.jar:/Users/constantine/.m2/repository/clj-yaml/clj-yaml/0.4.0/clj-yaml-0.4.0.jar:/Users/constantine/.m2/repository/crypto-random/crypto-random/1.2.0/crypto-random-1.2.0.jar:/Users/constantine/.m2/repository/com/cognitect/transit-clj/0.8.285/transit-clj-0.8.285.jar:/Users/constantine/.m2/repository/ring/ring-codec/1.0.0/ring-codec-1.0.0.jar:/Users/constantine/.m2/repository/org/clojure/core.match/0.3.0-alpha4/core.match-0.3.0-alpha4.jar:/Users/constantine/.m2/repository/org/projectodd/wunderboss/wunderboss-core/0.12.1/wunderboss-core-0.12.1.jar:/Users/constantine/.m2/repository/com/fasterxml/jackson/dataformat/jackson-dataformat-smile/2.5.3/jackson-dataformat-smile-2.5.3.jar:/Users/constantine/.m2/repository/com/github/fge/msg-simple/1.1/msg-simple-1.1.jar:/Users/constantine/.m2/repository/org/wildfly/security/wildfly-security-manager/1.1.2.Final/wildfly-security-manager-1.1.2.Final.jar:/Users/constantine/.m2/repository/org/clojure/tools.analyzer/0.6.7/tools.analyzer-0.6.7.jar:/Users/constantine/.m2/repository/org/clojure/core.unify/0.5.2/core.unify-0.5.2.jar:/Users/constantine/.m2/repository/org/slf4j/log4j-over-slf4j/1.7.21/log4j-over-slf4j-1.7.21.jar:/Users/constantine/.m2/repository/javax/activation/activation/1.1/activation-1.1.jar:/Users/constantine/.m2/repository/org/immutant/web/2.1.4/web-2.1.4.jar:/Users/constantine/.m2/repository/org/jboss/spec/javax/servlet/jboss-servlet-api_3.1_spec/1.0.0.Final/jboss-servlet-api_3.1_spec-1.0.0.Final.jar:/Users/constantine/.m2/repository/org/clojure/tools.analyzer.jvm/0.6.9/tools.analyzer.jvm-0.6.9.jar:/Users/constantine/.m2/repository/io/netty/netty/3.7.0.Final/netty-3.7.0.Final.jar:/Users/constantine/.m2/repository/org/clojure/core.async/0.2.374/core.async-0.2.374.jar:/Users/constantine/.m2/repository/midje/midje/1.8.3/midje-1.8.3.jar:/Users/constantine/.m2/repository/marick/clojure-commons/1.1.3/clojure-commons-1.1.3.jar:/Users/constantine/.m2/repository/org/immutant/core/2.1.4/core-2.1.4.jar:/Users/constantine/.m2/repository/org/clojars/brenton/google-diff-match-patch/0.1/google-diff-match-patch-0.1.jar:/Users/constantine/.m2/repository/environ/environ/1.0.3/environ-1.0.3.jar:/Users/constantine/.m2/repository/org/clojure/tools.reader/0.10.0/tools.reader-0.10.0.jar:/Users/constantine/.m2/repository/com/github/fge/jackson-coreutils/1.8/jackson-coreutils-1.8.jar:/Users/constantine/.m2/repository/io/aviso/pretty/0.1.24/pretty-0.1.24.jar:/Users/constantine/.m2/repository/org/jboss/spec/javax/websocket/jboss-websocket-api_1.1_spec/1.1.0.Final/jboss-websocket-api_1.1_spec-1.1.0.Final.jar:/Users/constantine/.m2/repository/metosin/scjsv/0.2.0/scjsv-0.2.0.jar:/Users/constantine/.m2/repository/commons-io/commons-io/2.4/commons-io-2.4.jar:/Users/constantine/.m2/repository/refactor-nrepl/refactor-nrepl/1.1.0/refactor-nrepl-1.1.0.jar:/Users/constantine/.m2/repository/com/yammer/metrics/metrics-core/2.2.0/metrics-core-2.2.0.jar:/Users/constantine/.m2/repository/org/bouncycastle/bcprov-jdk15on/1.54/bcprov-jdk15on-1.54.jar:/Users/constantine/.m2/repository/org/mozilla/rhino/1.7R4/rhino-1.7R4.jar:/Users/constantine/.m2/repository/prismatic/schema/1.1.2/schema-1.1.2.jar:/Users/constantine/.m2/repository/com/github/fge/uri-template/0.9/uri-template-0.9.jar:/Users/constantine/.m2/repository/org/apache/kafka/kafka_2.10/0.8.2.1/kafka_2.10-0.8.2.1.jar:/Users/constantine/.m2/repository/metosin/ring-swagger/0.22.4/ring-swagger-0.22.4.jar:/Users/constantine/.m2/repository/io/undertow/undertow-core/1.3.0.Beta9/undertow-core-1.3.0.Beta9.jar:/Users/constantine/.m2/repository/ring/ring-core/1.4.0/ring-core-1.4.0.jar:/Users/constantine/.m2/repository/io/undertow/undertow-servlet/1.3.0.Beta9/undertow-servlet-1.3.0.Beta9.jar:/Users/constantine/.m2/repository/swiss-arrows/swiss-arrows/1.0.0/swiss-arrows-1.0.0.jar:/Users/constantine/.m2/repository/flare/flare/0.2.9/flare-0.2.9.jar:/Users/constantine/.m2/repository/crypto-equality/crypto-equality/1.0.0/crypto-equality-1.0.0.jar:/Users/constantine/.m2/repository/org/jboss/xnio/xnio-api/3.4.0.Beta1/xnio-api-3.4.0.Beta1.jar:/Users/constantine/.m2/repository/marick/suchwow/4.4.3/suchwow-4.4.3.jar:/Users/constantine/.m2/repository/com/github/fge/btf/1.2/btf-1.2.jar:/Users/constantine/.m2/repository/clj-time/clj-time/0.11.0/clj-time-0.11.0.jar:/Users/constantine/.m2/repository/potemkin/potemkin/0.4.3/potemkin-0.4.3.jar:/Users/constantine/.m2/repository/com/taoensso/truss/1.2.0/truss-1.2.0.jar:/Users/constantine/.m2/repository/io/pedestal/pedestal.service/0.5.0/pedestal.service-0.5.0.jar:/Users/constantine/.m2/repository/com/fasterxml/jackson/core/jackson-databind/2.2.3/jackson-databind-2.2.3.jar:/Users/constantine/.m2/repository/org/apache/httpcomponents/httpcore/4.4.4/httpcore-4.4.4.jar:/Users/constantine/.m2/repository/pedestal-api/pedestal-api/0.2.0/pedestal-api-0.2.0.jar:/Users/constantine/.m2/repository/zookeeper-clj/zookeeper-clj/0.9.3/zookeeper-clj-0.9.3.jar:/Users/constantine/.m2/repository/org/bouncycastle/bcpkix-jdk15on/1.54/bcpkix-jdk15on-1.54.jar:/Users/constantine/.m2/repository/com/googlecode/json-simple/json-simple/1.1.1/json-simple-1.1.1.jar:/Users/constantine/.m2/repository/clj-redis-session/clj-redis-session/2.1.0/clj-redis-session-2.1.0.jar:/Users/constantine/.m2/repository/metosin/ring-http-response/0.6.5/ring-http-response-0.6.5.jar:/Users/constantine/.m2/repository/frankiesardo/linked/1.2.6/linked-1.2.6.jar:/Users/constantine/.m2/repository/prismatic/plumbing/0.5.2/plumbing-0.5.2.jar:/Users/constantine/.m2/repository/clj-tuple/clj-tuple/0.2.2/clj-tuple-0.2.2.jar:/Users/constantine/.m2/repository/com/stuartsierra/dependency/0.2.0/dependency-0.2.0.jar:/Users/constantine/.m2/repository/com/fasterxml/jackson/dataformat/jackson-dataformat-cbor/2.5.3/jackson-dataformat-cbor-2.5.3.jar:/Users/constantine/.m2/repository/org/tukaani/xz/1.5/xz-1.5.jar:/Users/constantine/.m2/repository/org/clojure/core.incubator/0.1.3/core.incubator-0.1.3.jar:/Users/constantine/.m2/repository/com/googlecode/libphonenumber/libphonenumber/6.2/libphonenumber-6.2.jar:/Users/constantine/.m2/repository/funcool/cuerdas/0.7.2/cuerdas-0.7.2.jar:/Users/constantine/.m2/repository/org/jboss/spec/javax/annotation/jboss-annotations-api_1.2_spec/1.0.0.Final/jboss-annotations-api_1.2_spec-1.0.0.Final.jar:/Users/constantine/.m2/repository/io/aviso/tracker/0.1.7/tracker-0.1.7.jar:/Users/constantine/.m2/repository/com/taoensso/encore/2.53.1/encore-2.53.1.jar:/Users/constantine/.m2/repository/org/projectodd/wunderboss/wunderboss-clojure/0.12.1/wunderboss-clojure-0.12.1.jar:/Users/constantine/.m2/repository/com/stuartsierra/component/0.3.1/component-0.3.1.jar:/Users/constantine/.m2/repository/buddy/buddy-sign/1.1.0/buddy-sign-1.1.0.jar:/Users/constantine/.m2/repository/users/users/0.0.1-SNAPSHOT/users-0.0.1-SNAPSHOT.jar:/Users/constantine/.m2/repository/org/xerial/snappy/snappy-java/1.1.1.6/snappy-java-1.1.1.6.jar:/Users/constantine/.m2/repository/de/kotka/lazymap/3.1.0/lazymap-3.1.0.jar:/Users/constantine/.m2/repository/org/scala-lang/scala-library/2.10.4/scala-library-2.10.4.jar:/Users/constantine/.m2/repository/com/rpl/specter/0.9.0/specter-0.9.0.jar:/Users/constantine/.m2/repository/org/slf4j/jul-to-slf4j/1.7.21/jul-to-slf4j-1.7.21.jar:/Users/constantine/.m2/repository/org/ow2/asm/asm-all/4.2/asm-all-4.2.jar:/Users/constantine/.m2/repository/org/clojure/tools.namespace/0.2.10/tools.namespace-0.2.10.jar:/Users/constantine/.m2/repository/log4j/log4j/1.2.17/log4j-1.2.17.jar:/Users/constantine/.m2/repository/org/slf4j/jcl-over-slf4j/1.7.21/jcl-over-slf4j-1.7.21.jar:/Users/constantine/.m2/repository/org/apache/commons/commons-pool2/2.4.2/commons-pool2-2.4.2.jar:/Users/constantine/.m2/repository/org/clojure/core.cache/0.6.4/core.cache-0.6.4.jar:/Users/constantine/.m2/repository/com/github/fge/json-schema-validator/2.2.6/json-schema-validator-2.2.6.jar:/Users/constantine/.m2/repository/javax/servlet/javax.servlet-api/3.1.0/javax.servlet-api-3.1.0.jar:/Users/constantine/.m2/repository/buddy/buddy-auth/1.1.0/buddy-auth-1.1.0.jar:/Users/constantine/.m2/repository/riddley/riddley/0.1.12/riddley-0.1.12.jar:/Users/constantine/.m2/repository/javax/mail/mailapi/1.4.3/mailapi-1.4.3.jar:/Users/constantine/.m2/repository/io/pedestal/pedestal.immutant/0.5.0/pedestal.immutant-0.5.0.jar:/Users/constantine/.m2/repository/commons-logging/commons-logging/1.2/commons-logging-1.2.jar:/Users/constantine/.m2/repository/io/undertow/undertow-websockets-jsr/1.3.0.Beta9/undertow-websockets-jsr-1.3.0.Beta9.jar:/Users/constantine/.m2/repository/org/wildfly/common/wildfly-common/1.0.0.Alpha2/wildfly-common-1.0.0.Alpha2.jar:/Users/constantine/.m2/repository/com/cognitect/transit-java/0.8.311/transit-java-0.8.311.jar:/Users/constantine/.m2/repository/clj-http/clj-http/2.2.0/clj-http-2.2.0.jar:/Users/constantine/.m2/repository/com/fasterxml/jackson/core/jackson-annotations/2.2.3/jackson-annotations-2.2.3.jar:/Users/constantine/.m2/repository/io/dropwizard/metrics/metrics-core/3.1.2/metrics-core-3.1.2.jar:/Users/constantine/.m2/repository/com/taoensso/nippy/2.11.1/nippy-2.11.1.jar:/Users/constantine/.m2/repository/cheshire/cheshire/5.5.0/cheshire-5.5.0.jar:/Users/constantine/.m2/repository/net/sf/jopt-simple/jopt-simple/3.2/jopt-simple-3.2.jar:/Users/constantine/.m2/repository/org/clojure/tools.nrepl/0.2.10/tools.nrepl-0.2.10.jar:/Users/constantine/.m2/repository/org/jboss/logging/jboss-logging/3.2.1.Final/jboss-logging-3.2.1.Final.jar:/Users/constantine/.m2/repository/clj-kafka/clj-kafka/0.3.4/clj-kafka-0.3.4.jar:/Users/constantine/.m2/repository/com/google/code/findbugs/jsr305/3.0.0/jsr305-3.0.0.jar:/Users/constantine/.m2/repository/org/msgpack/msgpack/0.6.10/msgpack-0.6.10.jar:/Users/constantine/.m2/repository/net/jpountz/lz4/lz4/1.2.0/lz4-1.2.0.jar:/Users/constantine/.m2/repository/slingshot/slingshot/0.12.2/slingshot-0.12.2.jar:/Users/constantine/.m2/repository/com/taoensso/timbre/4.4.0/timbre-4.4.0.jar:/Users/constantine/.m2/repository/com/fasterxml/jackson/core/jackson-core/2.3.2/jackson-core-2.3.2.jar:/Users/constantine/.m2/repository/metosin/schema-tools/0.7.0/schema-tools-0.7.0.jar:/Users/constantine/.m2/repository/org/clojure/data.priority-map/0.0.4/data.priority-map-0.0.4.jar:/Users/constantine/.m2/repository/org/javassist/javassist/3.18.1-GA/javassist-3.18.1-GA.jar:/Users/constantine/.m2/repository/commons-fileupload/commons-fileupload/1.3.1/commons-fileupload-1.3.1.jar:/Users/constantine/.m2/repository/org/apache/httpcomponents/httpclient/4.5.1/httpclient-4.5.1.jar:/Users/constantine/.m2/repository/org/apache/httpcomponents/httpmime/4.5.1/httpmime-4.5.1.jar:/Users/constantine/.m2/repository/ch/qos/logback/logback-classic/1.1.7/logback-classic-1.1.7.jar:/Users/constantine/.m2/repository/ch/qos/logback/logback-core/1.1.7/logback-core-1.1.7.jar:/Users/constantine/.m2/repository/commons-codec/commons-codec/1.10/commons-codec-1.10.jar:/Users/constantine/.m2/repository/joda-time/joda-time/2.8.2/joda-time-2.8.2.jar:/Users/constantine/.m2/repository/clout/clout/2.1.2/clout-2.1.2.jar
18:37:44.509 [main] INFO  org.apache.zookeeper.ZooKeeper - Client environment:java.library.path=/Users/constantine/Library/Java/Extensions:/Library/Java/Extensions:/Network/Library/Java/Extensions:/System/Library/Java/Extensions:/usr/lib/java:.
18:37:44.510 [main] INFO  org.apache.zookeeper.ZooKeeper - Client environment:java.io.tmpdir=/var/folders/s4/nxwd9yld0b5dfktbp4m0b7v40000gn/T/
18:37:44.510 [main] INFO  org.apache.zookeeper.ZooKeeper - Client environment:java.compiler=<NA>
18:37:44.510 [main] INFO  org.apache.zookeeper.ZooKeeper - Client environment:os.name=Mac OS X
18:37:44.510 [main] INFO  org.apache.zookeeper.ZooKeeper - Client environment:os.arch=x86_64
18:37:44.510 [main] INFO  org.apache.zookeeper.ZooKeeper - Client environment:os.version=10.11.5
18:37:44.510 [main] INFO  org.apache.zookeeper.ZooKeeper - Client environment:user.name=constantine
18:37:44.510 [main] INFO  org.apache.zookeeper.ZooKeeper - Client environment:user.home=/Users/constantine
18:37:44.511 [main] INFO  org.apache.zookeeper.ZooKeeper - Client environment:user.dir=/Users/constantine/clojure/services
18:37:44.512 [main] INFO  org.apache.zookeeper.ZooKeeper - Initiating client connection, connectString=localhost:2182 sessionTimeout=6000 watcher=org.I0Itec.zkclient.ZkClient@3919e2d7
18:37:49.612 [main-SendThread(fe80:0:0:0:0:0:0:1%1:2182)] INFO  org.apache.zookeeper.ClientCnxn - Opening socket connection to server fe80:0:0:0:0:0:0:1%1/fe80:0:0:0:0:0:0:1%1:2182. Will not attempt to authenticate using SASL (unknown error)
18:37:49.631 [main-SendThread(fe80:0:0:0:0:0:0:1%1:2182)] WARN  org.apache.zookeeper.ClientCnxn - Session 0x0 for server null, unexpected error, closing socket connection and attempting reconnect
java.net.ConnectException: Connection refused
	at sun.nio.ch.SocketChannelImpl.checkConnect(Native Method)
	at sun.nio.ch.SocketChannelImpl.finishConnect(SocketChannelImpl.java:717)
	at org.apache.zookeeper.ClientCnxnSocketNIO.doTransport(ClientCnxnSocketNIO.java:361)
	at org.apache.zookeeper.ClientCnxn$SendThread.run(ClientCnxn.java:1081)
18:37:49.738 [main-SendThread(localhost:2182)] INFO  org.apache.zookeeper.ClientCnxn - Opening socket connection to server localhost/0:0:0:0:0:0:0:1:2182. Will not attempt to authenticate using SASL (unknown error)
18:37:49.741 [main-SendThread(localhost:2182)] WARN  org.apache.zookeeper.ClientCnxn - Session 0x0 for server null, unexpected error, closing socket connection and attempting reconnect
java.net.ConnectException: Connection refused
	at sun.nio.ch.SocketChannelImpl.checkConnect(Native Method)
	at sun.nio.ch.SocketChannelImpl.finishConnect(SocketChannelImpl.java:717)
	at org.apache.zookeeper.ClientCnxnSocketNIO.doTransport(ClientCnxnSocketNIO.java:361)
	at org.apache.zookeeper.ClientCnxn$SendThread.run(ClientCnxn.java:1081)
18:37:49.843 [main-SendThread(localhost:2182)] INFO  org.apache.zookeeper.ClientCnxn - Opening socket connection to server localhost/127.0.0.1:2182. Will not attempt to authenticate using SASL (unknown error)
18:37:49.844 [main-SendThread(localhost:2182)] WARN  org.apache.zookeeper.ClientCnxn - Session 0x0 for server null, unexpected error, closing socket connection and attempting reconnect
java.net.ConnectException: Connection refused
	at sun.nio.ch.SocketChannelImpl.checkConnect(Native Method)
	at sun.nio.ch.SocketChannelImpl.finishConnect(SocketChannelImpl.java:717)
	at org.apache.zookeeper.ClientCnxnSocketNIO.doTransport(ClientCnxnSocketNIO.java:361)
	at org.apache.zookeeper.ClientCnxn$SendThread.run(ClientCnxn.java:1081)
18:37:50.559 [ZkClient-EventThread-19-localhost:2182] INFO  org.I0Itec.zkclient.ZkEventThread - Terminate ZkClient event thread.
18:37:50.948 [main-SendThread(fe80:0:0:0:0:0:0:1%1:2182)] INFO  org.apache.zookeeper.ClientCnxn - Opening socket connection to server fe80:0:0:0:0:0:0:1%1/fe80:0:0:0:0:0:0:1%1:2182. Will not attempt to authenticate using SASL (unknown error)
18:37:51.058 [main] INFO  org.apache.zookeeper.ZooKeeper - Session: 0x0 closed
18:37:51.058 [main-EventThread] INFO  org.apache.zookeeper.ClientCnxn - EventThread shut down
18:40:37.677 [main] INFO  org.xnio - XNIO version 3.4.0.Beta1
18:40:37.727 [main] INFO  org.xnio.nio - XNIO NIO Implementation Version 3.4.0.Beta1
18:40:37.849 [main] WARN  io.undertow.websockets.jsr - UT026010: Buffer pool was not set on WebSocketDeploymentInfo, the default pool will be used
18:40:37.984 [main] INFO  org.projectodd.wunderboss.web.Web - Registered web context /
18:40:39.486 [main] INFO  o.a.k.c.producer.ProducerConfig - ProducerConfig values: 
	compression.type = none
	metric.reporters = []
	metadata.max.age.ms = 300000
	metadata.fetch.timeout.ms = 60000
	acks = 1
	batch.size = 16384
	reconnect.backoff.ms = 10
	bootstrap.servers = [127.0.0.1:9091]
	receive.buffer.bytes = 32768
	retry.backoff.ms = 100
	buffer.memory = 33554432
	timeout.ms = 30000
	key.serializer = class org.apache.kafka.common.serialization.ByteArraySerializer
	retries = 0
	max.request.size = 1048576
	block.on.buffer.full = true
	value.serializer = class org.apache.kafka.common.serialization.ByteArraySerializer
	metrics.sample.window.ms = 30000
	send.buffer.bytes = 131072
	max.in.flight.requests.per.connection = 5
	metrics.num.samples = 2
	linger.ms = 0
	client.id = 

18:40:39.544 [main] WARN  o.a.k.c.producer.ProducerConfig - The configuration value.serializer = class org.apache.kafka.common.serialization.ByteArraySerializer was supplied but isn't a known config.
18:40:39.545 [main] WARN  o.a.k.c.producer.ProducerConfig - The configuration key.serializer = class org.apache.kafka.common.serialization.ByteArraySerializer was supplied but isn't a known config.
18:40:39.842 [main] INFO  kafka.utils.VerifiableProperties - Verifying properties
18:40:39.938 [main] INFO  kafka.utils.VerifiableProperties - Property auto.commit.enable is overridden to false
18:40:39.939 [main] INFO  kafka.utils.VerifiableProperties - Property auto.offset.reset is overridden to smallest
18:40:39.939 [main] INFO  kafka.utils.VerifiableProperties - Property group.id is overridden to common
18:40:39.940 [main] INFO  kafka.utils.VerifiableProperties - Property zookeeper.connect is overridden to localhost:2182
18:40:40.063 [main] INFO  k.c.ZookeeperConsumerConnector - [common_Konstantins-MacBook-Pro.local-1468424440060-855c3806], Connecting to zookeeper instance at localhost:2182
18:40:40.080 [ZkClient-EventThread-19-localhost:2182] INFO  org.I0Itec.zkclient.ZkEventThread - Starting ZkClient event thread.
18:40:40.087 [main] INFO  org.apache.zookeeper.ZooKeeper - Client environment:zookeeper.version=3.4.6-1569965, built on 02/20/2014 09:09 GMT
18:40:40.088 [main] INFO  org.apache.zookeeper.ZooKeeper - Client environment:host.name=192.168.1.119
18:40:40.088 [main] INFO  org.apache.zookeeper.ZooKeeper - Client environment:java.version=1.8.0_65
18:40:40.088 [main] INFO  org.apache.zookeeper.ZooKeeper - Client environment:java.vendor=Oracle Corporation
18:40:40.088 [main] INFO  org.apache.zookeeper.ZooKeeper - Client environment:java.home=/Library/Java/JavaVirtualMachines/jdk1.8.0_65.jdk/Contents/Home/jre
18:40:40.088 [main] INFO  org.apache.zookeeper.ZooKeeper - Client environment:java.class.path=/Users/constantine/clojure/services/test:/Users/constantine/clojure/services/src:/Users/constantine/clojure/services/dev-resources:/Users/constantine/clojure/services/config:/Users/constantine/clojure/services/resources:/Users/constantine/clojure/services/checkouts/users/src:/Users/constantine/clojure/services/checkouts/common/src:/Users/constantine/clojure/services/target/base+system+user+dev/classes:/Users/constantine/clojure/services/checkouts/common/src:/Users/constantine/clojure/services/checkouts/common/test:/Users/constantine/clojure/services/checkouts/common/dev-resources:/Users/constantine/clojure/services/checkouts/common/config:/Users/constantine/clojure/services/checkouts/common/resources:/Users/constantine/clojure/services/checkouts/common/target/base+system+user+dev/classes:/Users/constantine/clojure/services/checkouts/users/src:/Users/constantine/clojure/services/checkouts/users/test:/Users/constantine/clojure/services/checkouts/users/dev-resources:/Users/constantine/clojure/services/checkouts/users/config:/Users/constantine/clojure/services/checkouts/users/resources:/Users/constantine/clojure/services/checkouts/users/target/base+system+user+dev/classes:/Users/constantine/.m2/repository/org/apache/kafka/kafka-clients/0.8.2.1/kafka-clients-0.8.2.1.jar:/Users/constantine/.m2/repository/org/clojure/tools.logging/0.3.1/tools.logging-0.3.1.jar:/Users/constantine/.m2/repository/metosin/ring-swagger-ui/2.1.4-0/ring-swagger-ui-2.1.4-0.jar:/Users/constantine/.m2/repository/clojure-complete/clojure-complete/0.2.3/clojure-complete-0.2.3.jar:/Users/constantine/.m2/repository/org/clojure/math.combinatorics/0.1.1/math.combinatorics-0.1.1.jar:/Users/constantine/.m2/repository/org/tobereplaced/lettercase/1.0.0/lettercase-1.0.0.jar:/Users/constantine/.m2/repository/org/clojure/java.classpath/0.2.2/java.classpath-0.2.2.jar:/Users/constantine/.m2/repository/org/iq80/snappy/snappy/0.4/snappy-0.4.jar:/Users/constantine/.m2/repository/common/common/0.0.1-SNAPSHOT/common-0.0.1-SNAPSHOT.jar:/Users/constantine/.m2/repository/org/clojure/clojure/1.8.0/clojure-1.8.0.jar:/Users/constantine/.m2/repository/buddy/buddy-core/0.13.0/buddy-core-0.13.0.jar:/Users/constantine/.m2/repository/org/clojure/data.json/0.2.2/data.json-0.2.2.jar:/Users/constantine/.m2/repository/com/google/guava/guava/16.0.1/guava-16.0.1.jar:/Users/constantine/.m2/repository/instaparse/instaparse/1.4.0/instaparse-1.4.0.jar:/Users/constantine/.m2/repository/org/tcrawley/dynapath/0.2.3/dynapath-0.2.3.jar:/Users/constantine/.m2/repository/ordered/ordered/1.2.0/ordered-1.2.0.jar:/Users/constantine/.m2/repository/cider/cider-nrepl/0.9.1/cider-nrepl-0.9.1.jar:/Users/constantine/.m2/repository/tigris/tigris/0.1.1/tigris-0.1.1.jar:/Users/constantine/.m2/repository/colorize/colorize/0.1.1/colorize-0.1.1.jar:/Users/constantine/.m2/repository/medley/medley/0.7.3/medley-0.7.3.jar:/Users/constantine/.m2/repository/io/aviso/toolchest/0.1.2/toolchest-0.1.2.jar:/Users/constantine/.m2/repository/org/yaml/snakeyaml/1.5/snakeyaml-1.5.jar:/Users/constantine/.m2/repository/frankiesardo/route-swagger/0.1.0/route-swagger-0.1.0.jar:/Users/constantine/.m2/repository/org/clojure/tools.macro/0.1.5/tools.macro-0.1.5.jar:/Users/constantine/.m2/repository/com/taoensso/carmine/2.13.1/carmine-2.13.1.jar:/Users/constantine/.m2/repository/com/101tec/zkclient/0.3/zkclient-0.3.jar:/Users/constantine/.m2/repository/com/github/fge/json-schema-core/1.2.5/json-schema-core-1.2.5.jar:/Users/constantine/.m2/repository/org/jboss/xnio/xnio-nio/3.4.0.Beta1/xnio-nio-3.4.0.Beta1.jar:/Users/constantine/.m2/repository/io/aviso/config/0.1.13/config-0.1.13.jar:/Users/constantine/.m2/repository/org/projectodd/wunderboss/wunderboss-web-undertow/0.12.1/wunderboss-web-undertow-0.12.1.jar:/Users/constantine/.m2/repository/org/apache/zookeeper/zookeeper/3.4.6/zookeeper-3.4.6.jar:/Users/constantine/.m2/repository/org/projectodd/wunderboss/wunderboss-web/0.12.1/wunderboss-web-0.12.1.jar:/Users/constantine/.m2/repository/org/slf4j/slf4j-api/1.7.21/slf4j-api-1.7.21.jar:/Users/constantine/.m2/repository/org/clojure/core.memoize/0.5.8/core.memoize-0.5.8.jar:/Users/constantine/.m2/repository/clj-yaml/clj-yaml/0.4.0/clj-yaml-0.4.0.jar:/Users/constantine/.m2/repository/crypto-random/crypto-random/1.2.0/crypto-random-1.2.0.jar:/Users/constantine/.m2/repository/com/cognitect/transit-clj/0.8.285/transit-clj-0.8.285.jar:/Users/constantine/.m2/repository/ring/ring-codec/1.0.0/ring-codec-1.0.0.jar:/Users/constantine/.m2/repository/org/clojure/core.match/0.3.0-alpha4/core.match-0.3.0-alpha4.jar:/Users/constantine/.m2/repository/org/projectodd/wunderboss/wunderboss-core/0.12.1/wunderboss-core-0.12.1.jar:/Users/constantine/.m2/repository/com/fasterxml/jackson/dataformat/jackson-dataformat-smile/2.5.3/jackson-dataformat-smile-2.5.3.jar:/Users/constantine/.m2/repository/com/github/fge/msg-simple/1.1/msg-simple-1.1.jar:/Users/constantine/.m2/repository/org/wildfly/security/wildfly-security-manager/1.1.2.Final/wildfly-security-manager-1.1.2.Final.jar:/Users/constantine/.m2/repository/org/clojure/tools.analyzer/0.6.7/tools.analyzer-0.6.7.jar:/Users/constantine/.m2/repository/org/clojure/core.unify/0.5.2/core.unify-0.5.2.jar:/Users/constantine/.m2/repository/org/slf4j/log4j-over-slf4j/1.7.21/log4j-over-slf4j-1.7.21.jar:/Users/constantine/.m2/repository/javax/activation/activation/1.1/activation-1.1.jar:/Users/constantine/.m2/repository/org/immutant/web/2.1.4/web-2.1.4.jar:/Users/constantine/.m2/repository/org/jboss/spec/javax/servlet/jboss-servlet-api_3.1_spec/1.0.0.Final/jboss-servlet-api_3.1_spec-1.0.0.Final.jar:/Users/constantine/.m2/repository/org/clojure/tools.analyzer.jvm/0.6.9/tools.analyzer.jvm-0.6.9.jar:/Users/constantine/.m2/repository/io/netty/netty/3.7.0.Final/netty-3.7.0.Final.jar:/Users/constantine/.m2/repository/org/clojure/core.async/0.2.374/core.async-0.2.374.jar:/Users/constantine/.m2/repository/midje/midje/1.8.3/midje-1.8.3.jar:/Users/constantine/.m2/repository/marick/clojure-commons/1.1.3/clojure-commons-1.1.3.jar:/Users/constantine/.m2/repository/org/immutant/core/2.1.4/core-2.1.4.jar:/Users/constantine/.m2/repository/org/clojars/brenton/google-diff-match-patch/0.1/google-diff-match-patch-0.1.jar:/Users/constantine/.m2/repository/environ/environ/1.0.3/environ-1.0.3.jar:/Users/constantine/.m2/repository/org/clojure/tools.reader/0.10.0/tools.reader-0.10.0.jar:/Users/constantine/.m2/repository/com/github/fge/jackson-coreutils/1.8/jackson-coreutils-1.8.jar:/Users/constantine/.m2/repository/io/aviso/pretty/0.1.24/pretty-0.1.24.jar:/Users/constantine/.m2/repository/org/jboss/spec/javax/websocket/jboss-websocket-api_1.1_spec/1.1.0.Final/jboss-websocket-api_1.1_spec-1.1.0.Final.jar:/Users/constantine/.m2/repository/metosin/scjsv/0.2.0/scjsv-0.2.0.jar:/Users/constantine/.m2/repository/commons-io/commons-io/2.4/commons-io-2.4.jar:/Users/constantine/.m2/repository/refactor-nrepl/refactor-nrepl/1.1.0/refactor-nrepl-1.1.0.jar:/Users/constantine/.m2/repository/com/yammer/metrics/metrics-core/2.2.0/metrics-core-2.2.0.jar:/Users/constantine/.m2/repository/org/bouncycastle/bcprov-jdk15on/1.54/bcprov-jdk15on-1.54.jar:/Users/constantine/.m2/repository/org/mozilla/rhino/1.7R4/rhino-1.7R4.jar:/Users/constantine/.m2/repository/prismatic/schema/1.1.2/schema-1.1.2.jar:/Users/constantine/.m2/repository/com/github/fge/uri-template/0.9/uri-template-0.9.jar:/Users/constantine/.m2/repository/org/apache/kafka/kafka_2.10/0.8.2.1/kafka_2.10-0.8.2.1.jar:/Users/constantine/.m2/repository/metosin/ring-swagger/0.22.4/ring-swagger-0.22.4.jar:/Users/constantine/.m2/repository/io/undertow/undertow-core/1.3.0.Beta9/undertow-core-1.3.0.Beta9.jar:/Users/constantine/.m2/repository/ring/ring-core/1.4.0/ring-core-1.4.0.jar:/Users/constantine/.m2/repository/io/undertow/undertow-servlet/1.3.0.Beta9/undertow-servlet-1.3.0.Beta9.jar:/Users/constantine/.m2/repository/swiss-arrows/swiss-arrows/1.0.0/swiss-arrows-1.0.0.jar:/Users/constantine/.m2/repository/flare/flare/0.2.9/flare-0.2.9.jar:/Users/constantine/.m2/repository/crypto-equality/crypto-equality/1.0.0/crypto-equality-1.0.0.jar:/Users/constantine/.m2/repository/org/jboss/xnio/xnio-api/3.4.0.Beta1/xnio-api-3.4.0.Beta1.jar:/Users/constantine/.m2/repository/marick/suchwow/4.4.3/suchwow-4.4.3.jar:/Users/constantine/.m2/repository/com/github/fge/btf/1.2/btf-1.2.jar:/Users/constantine/.m2/repository/clj-time/clj-time/0.11.0/clj-time-0.11.0.jar:/Users/constantine/.m2/repository/potemkin/potemkin/0.4.3/potemkin-0.4.3.jar:/Users/constantine/.m2/repository/com/taoensso/truss/1.2.0/truss-1.2.0.jar:/Users/constantine/.m2/repository/io/pedestal/pedestal.service/0.5.0/pedestal.service-0.5.0.jar:/Users/constantine/.m2/repository/com/fasterxml/jackson/core/jackson-databind/2.2.3/jackson-databind-2.2.3.jar:/Users/constantine/.m2/repository/org/apache/httpcomponents/httpcore/4.4.4/httpcore-4.4.4.jar:/Users/constantine/.m2/repository/pedestal-api/pedestal-api/0.2.0/pedestal-api-0.2.0.jar:/Users/constantine/.m2/repository/zookeeper-clj/zookeeper-clj/0.9.3/zookeeper-clj-0.9.3.jar:/Users/constantine/.m2/repository/org/bouncycastle/bcpkix-jdk15on/1.54/bcpkix-jdk15on-1.54.jar:/Users/constantine/.m2/repository/com/googlecode/json-simple/json-simple/1.1.1/json-simple-1.1.1.jar:/Users/constantine/.m2/repository/clj-redis-session/clj-redis-session/2.1.0/clj-redis-session-2.1.0.jar:/Users/constantine/.m2/repository/metosin/ring-http-response/0.6.5/ring-http-response-0.6.5.jar:/Users/constantine/.m2/repository/frankiesardo/linked/1.2.6/linked-1.2.6.jar:/Users/constantine/.m2/repository/prismatic/plumbing/0.5.2/plumbing-0.5.2.jar:/Users/constantine/.m2/repository/clj-tuple/clj-tuple/0.2.2/clj-tuple-0.2.2.jar:/Users/constantine/.m2/repository/com/stuartsierra/dependency/0.2.0/dependency-0.2.0.jar:/Users/constantine/.m2/repository/com/fasterxml/jackson/dataformat/jackson-dataformat-cbor/2.5.3/jackson-dataformat-cbor-2.5.3.jar:/Users/constantine/.m2/repository/org/tukaani/xz/1.5/xz-1.5.jar:/Users/constantine/.m2/repository/org/clojure/core.incubator/0.1.3/core.incubator-0.1.3.jar:/Users/constantine/.m2/repository/com/googlecode/libphonenumber/libphonenumber/6.2/libphonenumber-6.2.jar:/Users/constantine/.m2/repository/funcool/cuerdas/0.7.2/cuerdas-0.7.2.jar:/Users/constantine/.m2/repository/org/jboss/spec/javax/annotation/jboss-annotations-api_1.2_spec/1.0.0.Final/jboss-annotations-api_1.2_spec-1.0.0.Final.jar:/Users/constantine/.m2/repository/io/aviso/tracker/0.1.7/tracker-0.1.7.jar:/Users/constantine/.m2/repository/com/taoensso/encore/2.53.1/encore-2.53.1.jar:/Users/constantine/.m2/repository/org/projectodd/wunderboss/wunderboss-clojure/0.12.1/wunderboss-clojure-0.12.1.jar:/Users/constantine/.m2/repository/com/stuartsierra/component/0.3.1/component-0.3.1.jar:/Users/constantine/.m2/repository/buddy/buddy-sign/1.1.0/buddy-sign-1.1.0.jar:/Users/constantine/.m2/repository/users/users/0.0.1-SNAPSHOT/users-0.0.1-SNAPSHOT.jar:/Users/constantine/.m2/repository/org/xerial/snappy/snappy-java/1.1.1.6/snappy-java-1.1.1.6.jar:/Users/constantine/.m2/repository/de/kotka/lazymap/3.1.0/lazymap-3.1.0.jar:/Users/constantine/.m2/repository/org/scala-lang/scala-library/2.10.4/scala-library-2.10.4.jar:/Users/constantine/.m2/repository/com/rpl/specter/0.9.0/specter-0.9.0.jar:/Users/constantine/.m2/repository/org/slf4j/jul-to-slf4j/1.7.21/jul-to-slf4j-1.7.21.jar:/Users/constantine/.m2/repository/org/ow2/asm/asm-all/4.2/asm-all-4.2.jar:/Users/constantine/.m2/repository/org/clojure/tools.namespace/0.2.10/tools.namespace-0.2.10.jar:/Users/constantine/.m2/repository/log4j/log4j/1.2.17/log4j-1.2.17.jar:/Users/constantine/.m2/repository/org/slf4j/jcl-over-slf4j/1.7.21/jcl-over-slf4j-1.7.21.jar:/Users/constantine/.m2/repository/org/apache/commons/commons-pool2/2.4.2/commons-pool2-2.4.2.jar:/Users/constantine/.m2/repository/org/clojure/core.cache/0.6.4/core.cache-0.6.4.jar:/Users/constantine/.m2/repository/com/github/fge/json-schema-validator/2.2.6/json-schema-validator-2.2.6.jar:/Users/constantine/.m2/repository/javax/servlet/javax.servlet-api/3.1.0/javax.servlet-api-3.1.0.jar:/Users/constantine/.m2/repository/buddy/buddy-auth/1.1.0/buddy-auth-1.1.0.jar:/Users/constantine/.m2/repository/riddley/riddley/0.1.12/riddley-0.1.12.jar:/Users/constantine/.m2/repository/javax/mail/mailapi/1.4.3/mailapi-1.4.3.jar:/Users/constantine/.m2/repository/io/pedestal/pedestal.immutant/0.5.0/pedestal.immutant-0.5.0.jar:/Users/constantine/.m2/repository/commons-logging/commons-logging/1.2/commons-logging-1.2.jar:/Users/constantine/.m2/repository/io/undertow/undertow-websockets-jsr/1.3.0.Beta9/undertow-websockets-jsr-1.3.0.Beta9.jar:/Users/constantine/.m2/repository/org/wildfly/common/wildfly-common/1.0.0.Alpha2/wildfly-common-1.0.0.Alpha2.jar:/Users/constantine/.m2/repository/com/cognitect/transit-java/0.8.311/transit-java-0.8.311.jar:/Users/constantine/.m2/repository/clj-http/clj-http/2.2.0/clj-http-2.2.0.jar:/Users/constantine/.m2/repository/com/fasterxml/jackson/core/jackson-annotations/2.2.3/jackson-annotations-2.2.3.jar:/Users/constantine/.m2/repository/io/dropwizard/metrics/metrics-core/3.1.2/metrics-core-3.1.2.jar:/Users/constantine/.m2/repository/com/taoensso/nippy/2.11.1/nippy-2.11.1.jar:/Users/constantine/.m2/repository/cheshire/cheshire/5.5.0/cheshire-5.5.0.jar:/Users/constantine/.m2/repository/net/sf/jopt-simple/jopt-simple/3.2/jopt-simple-3.2.jar:/Users/constantine/.m2/repository/org/clojure/tools.nrepl/0.2.10/tools.nrepl-0.2.10.jar:/Users/constantine/.m2/repository/org/jboss/logging/jboss-logging/3.2.1.Final/jboss-logging-3.2.1.Final.jar:/Users/constantine/.m2/repository/clj-kafka/clj-kafka/0.3.4/clj-kafka-0.3.4.jar:/Users/constantine/.m2/repository/com/google/code/findbugs/jsr305/3.0.0/jsr305-3.0.0.jar:/Users/constantine/.m2/repository/org/msgpack/msgpack/0.6.10/msgpack-0.6.10.jar:/Users/constantine/.m2/repository/net/jpountz/lz4/lz4/1.2.0/lz4-1.2.0.jar:/Users/constantine/.m2/repository/slingshot/slingshot/0.12.2/slingshot-0.12.2.jar:/Users/constantine/.m2/repository/com/taoensso/timbre/4.4.0/timbre-4.4.0.jar:/Users/constantine/.m2/repository/com/fasterxml/jackson/core/jackson-core/2.3.2/jackson-core-2.3.2.jar:/Users/constantine/.m2/repository/metosin/schema-tools/0.7.0/schema-tools-0.7.0.jar:/Users/constantine/.m2/repository/org/clojure/data.priority-map/0.0.4/data.priority-map-0.0.4.jar:/Users/constantine/.m2/repository/org/javassist/javassist/3.18.1-GA/javassist-3.18.1-GA.jar:/Users/constantine/.m2/repository/commons-fileupload/commons-fileupload/1.3.1/commons-fileupload-1.3.1.jar:/Users/constantine/.m2/repository/org/apache/httpcomponents/httpclient/4.5.1/httpclient-4.5.1.jar:/Users/constantine/.m2/repository/org/apache/httpcomponents/httpmime/4.5.1/httpmime-4.5.1.jar:/Users/constantine/.m2/repository/ch/qos/logback/logback-classic/1.1.7/logback-classic-1.1.7.jar:/Users/constantine/.m2/repository/ch/qos/logback/logback-core/1.1.7/logback-core-1.1.7.jar:/Users/constantine/.m2/repository/commons-codec/commons-codec/1.10/commons-codec-1.10.jar:/Users/constantine/.m2/repository/joda-time/joda-time/2.8.2/joda-time-2.8.2.jar:/Users/constantine/.m2/repository/clout/clout/2.1.2/clout-2.1.2.jar
18:40:40.089 [main] INFO  org.apache.zookeeper.ZooKeeper - Client environment:java.library.path=/Users/constantine/Library/Java/Extensions:/Library/Java/Extensions:/Network/Library/Java/Extensions:/System/Library/Java/Extensions:/usr/lib/java:.
18:40:40.089 [main] INFO  org.apache.zookeeper.ZooKeeper - Client environment:java.io.tmpdir=/var/folders/s4/nxwd9yld0b5dfktbp4m0b7v40000gn/T/
18:40:40.089 [main] INFO  org.apache.zookeeper.ZooKeeper - Client environment:java.compiler=<NA>
18:40:40.089 [main] INFO  org.apache.zookeeper.ZooKeeper - Client environment:os.name=Mac OS X
18:40:40.089 [main] INFO  org.apache.zookeeper.ZooKeeper - Client environment:os.arch=x86_64
18:40:40.090 [main] INFO  org.apache.zookeeper.ZooKeeper - Client environment:os.version=10.11.5
18:40:40.090 [main] INFO  org.apache.zookeeper.ZooKeeper - Client environment:user.name=constantine
18:40:40.090 [main] INFO  org.apache.zookeeper.ZooKeeper - Client environment:user.home=/Users/constantine
18:40:40.090 [main] INFO  org.apache.zookeeper.ZooKeeper - Client environment:user.dir=/Users/constantine/clojure/services
18:40:40.092 [main] INFO  org.apache.zookeeper.ZooKeeper - Initiating client connection, connectString=localhost:2182 sessionTimeout=6000 watcher=org.I0Itec.zkclient.ZkClient@3919e2d7
18:40:40.130 [main-SendThread(localhost:2182)] INFO  org.apache.zookeeper.ClientCnxn - Opening socket connection to server localhost/127.0.0.1:2182. Will not attempt to authenticate using SASL (unknown error)
18:40:40.155 [main-SendThread(localhost:2182)] WARN  org.apache.zookeeper.ClientCnxn - Session 0x0 for server null, unexpected error, closing socket connection and attempting reconnect
java.net.ConnectException: Connection refused
	at sun.nio.ch.SocketChannelImpl.checkConnect(Native Method)
	at sun.nio.ch.SocketChannelImpl.finishConnect(SocketChannelImpl.java:717)
	at org.apache.zookeeper.ClientCnxnSocketNIO.doTransport(ClientCnxnSocketNIO.java:361)
	at org.apache.zookeeper.ClientCnxn$SendThread.run(ClientCnxn.java:1081)
18:40:40.259 [main-SendThread(localhost:2182)] INFO  org.apache.zookeeper.ClientCnxn - Opening socket connection to server localhost/0:0:0:0:0:0:0:1:2182. Will not attempt to authenticate using SASL (unknown error)
18:40:40.261 [main-SendThread(localhost:2182)] WARN  org.apache.zookeeper.ClientCnxn - Session 0x0 for server null, unexpected error, closing socket connection and attempting reconnect
java.net.ConnectException: Connection refused
	at sun.nio.ch.SocketChannelImpl.checkConnect(Native Method)
	at sun.nio.ch.SocketChannelImpl.finishConnect(SocketChannelImpl.java:717)
	at org.apache.zookeeper.ClientCnxnSocketNIO.doTransport(ClientCnxnSocketNIO.java:361)
	at org.apache.zookeeper.ClientCnxn$SendThread.run(ClientCnxn.java:1081)
18:40:45.442 [main-SendThread(fe80:0:0:0:0:0:0:1%1:2182)] INFO  org.apache.zookeeper.ClientCnxn - Opening socket connection to server fe80:0:0:0:0:0:0:1%1/fe80:0:0:0:0:0:0:1%1:2182. Will not attempt to authenticate using SASL (unknown error)
18:40:45.445 [main-SendThread(fe80:0:0:0:0:0:0:1%1:2182)] WARN  org.apache.zookeeper.ClientCnxn - Session 0x0 for server null, unexpected error, closing socket connection and attempting reconnect
java.net.ConnectException: Connection refused
	at sun.nio.ch.SocketChannelImpl.checkConnect(Native Method)
	at sun.nio.ch.SocketChannelImpl.finishConnect(SocketChannelImpl.java:717)
	at org.apache.zookeeper.ClientCnxnSocketNIO.doTransport(ClientCnxnSocketNIO.java:361)
	at org.apache.zookeeper.ClientCnxn$SendThread.run(ClientCnxn.java:1081)
18:40:46.122 [ZkClient-EventThread-19-localhost:2182] INFO  org.I0Itec.zkclient.ZkEventThread - Terminate ZkClient event thread.
18:40:46.553 [main-SendThread(localhost:2182)] INFO  org.apache.zookeeper.ClientCnxn - Opening socket connection to server localhost/127.0.0.1:2182. Will not attempt to authenticate using SASL (unknown error)
18:40:46.662 [main] INFO  org.apache.zookeeper.ZooKeeper - Session: 0x0 closed
18:40:46.663 [main-EventThread] INFO  org.apache.zookeeper.ClientCnxn - EventThread shut down
